<?xml version="1.0" encoding="UTF-8"?>
<testsuite name="hexlet.code.DifferTest" tests="8" skipped="0" failures="0" errors="0" timestamp="2023-12-09T19:31:42" hostname="MacBook-Air-Artem.local" time="0.844">
  <properties/>
  <testcase name="jsonTest()" classname="hexlet.code.DifferTest" time="0.578"/>
  <testcase name="jsonTest2()" classname="hexlet.code.DifferTest" time="0.028"/>
  <testcase name="ymlTest()" classname="hexlet.code.DifferTest" time="0.085"/>
  <testcase name="jsonTestPlain()" classname="hexlet.code.DifferTest" time="0.018"/>
  <testcase name="jsonTestDefault()" classname="hexlet.code.DifferTest" time="0.013"/>
  <testcase name="ymlTestDefault()" classname="hexlet.code.DifferTest" time="0.033"/>
  <testcase name="ymlTestPlain()" classname="hexlet.code.DifferTest" time="0.029"/>
  <testcase name="ymlTest2()" classname="hexlet.code.DifferTest" time="0.028"/>
  <system-out><![CDATA[]]></system-out>
  <system-err><![CDATA[]]></system-err>
</testsuite>
