<?xml version="1.0" encoding="UTF-8"?>
<testsuite name="hexlet.code.DifferTest" tests="6" skipped="0" failures="0" errors="0" timestamp="2023-12-09T18:58:07" hostname="MacBook-Air-Artem.local" time="0.772">
  <properties/>
  <testcase name="jsonTest()" classname="hexlet.code.DifferTest" time="0.555"/>
  <testcase name="jsonTest2()" classname="hexlet.code.DifferTest" time="0.008"/>
  <testcase name="ymlTest()" classname="hexlet.code.DifferTest" time="0.124"/>
  <testcase name="jsonTestPlain()" classname="hexlet.code.DifferTest" time="0.018"/>
  <testcase name="ymlTestPlain()" classname="hexlet.code.DifferTest" time="0.034"/>
  <testcase name="ymlTest2()" classname="hexlet.code.DifferTest" time="0.018"/>
  <system-out><![CDATA[]]></system-out>
  <system-err><![CDATA[]]></system-err>
</testsuite>
