<?xml version="1.0" encoding="UTF-8"?>
<testsuite name="hexlet.code.DifferTest" tests="8" skipped="0" failures="0" errors="0" timestamp="2024-01-15T18:10:15" hostname="Air-Artem" time="0.85">
  <properties/>
  <testcase name="ymlTestJson()" classname="hexlet.code.DifferTest" time="0.648"/>
  <testcase name="jsonTest2()" classname="hexlet.code.DifferTest" time="0.065"/>
  <testcase name="jsonTestPlain()" classname="hexlet.code.DifferTest" time="0.021"/>
  <testcase name="jsonTestDefault()" classname="hexlet.code.DifferTest" time="0.008"/>
  <testcase name="ymlTestDefault()" classname="hexlet.code.DifferTest" time="0.016"/>
  <testcase name="ymlTestPlain()" classname="hexlet.code.DifferTest" time="0.023"/>
  <testcase name="ymlTest2()" classname="hexlet.code.DifferTest" time="0.026"/>
  <testcase name="jsonTestJson()" classname="hexlet.code.DifferTest" time="0.015"/>
  <system-out><![CDATA[]]></system-out>
  <system-err><![CDATA[]]></system-err>
</testsuite>
