<?xml version="1.0" encoding="UTF-8"?>
<testsuite name="hexlet.code.DifferTest" tests="1" skipped="0" failures="0" errors="0" timestamp="2023-07-18T19:21:40" hostname="Air-Artem" time="0.713">
  <properties/>
  <testcase name="jsonTest()" classname="hexlet.code.DifferTest" time="0.713"/>
  <system-out><![CDATA[]]></system-out>
  <system-err><![CDATA[]]></system-err>
</testsuite>
