<?xml version="1.0" encoding="UTF-8"?>
<testsuite name="hexlet.code.DifferTest" tests="1" skipped="0" failures="0" errors="0" timestamp="2023-07-17T18:20:47" hostname="Air-Artem" time="1.093">
  <properties/>
  <testcase name="jsonTest()" classname="hexlet.code.DifferTest" time="1.093"/>
  <system-out><![CDATA[]]></system-out>
  <system-err><![CDATA[]]></system-err>
</testsuite>
