<?xml version="1.0" encoding="UTF-8"?>
<testsuite name="hexlet.code.DifferTest" tests="8" skipped="0" failures="0" errors="0" timestamp="2024-01-17T12:55:23" hostname="Air-Artem" time="0.799">
  <properties/>
  <testcase name="ymlTestJson()" classname="hexlet.code.DifferTest" time="0.605"/>
  <testcase name="jsonTest2()" classname="hexlet.code.DifferTest" time="0.052"/>
  <testcase name="jsonTestPlain()" classname="hexlet.code.DifferTest" time="0.026"/>
  <testcase name="jsonTestDefault()" classname="hexlet.code.DifferTest" time="0.01"/>
  <testcase name="ymlTestDefault()" classname="hexlet.code.DifferTest" time="0.017"/>
  <testcase name="ymlTestPlain()" classname="hexlet.code.DifferTest" time="0.027"/>
  <testcase name="ymlTest2()" classname="hexlet.code.DifferTest" time="0.023"/>
  <testcase name="jsonTestJson()" classname="hexlet.code.DifferTest" time="0.011"/>
  <system-out><![CDATA[]]></system-out>
  <system-err><![CDATA[]]></system-err>
</testsuite>
